<?xml version="1.0" encoding="utf-8" standalone="no"?>
<test-results xmlns:xsi="http://www.w3.org/2001/XMLSchema-instance" xsi:noNamespaceSchemaLocation="nunit_schema_2.5.xsd" name="Pester" total="1374" errors="0" failures="0" not-run="0" inconclusive="0" ignored="0" skipped="0" invalid="0" date="2026-08-08" time="10:48:03">
  <environment platform="Linux" nunit-version="2.5.8.0" user="root" user-domain="" cwd="/home/user/JIM" os-version="6.18.5-fc-v20" machine-name="vm" clr-version="10.0.9" />
  <culture-info current-culture="" current-uiculture="" />
  <test-suite type="TestFixture" name="Pester" executed="True" result="Success" success="True" time="26.2972" asserts="0" description="Pester">
    <results>
      <test-suite type="TestFixture" name="/home/user/JIM/src/JIM.PowerShell/Tests/Activities.Tests.ps1" executed="True" result="Success" success="True" time="6.5021" asserts="0" description="/home/user/JIM/src/JIM.PowerShell/Tests/Activities.Tests.ps1">
        <results>
          <test-suite type="TestFixture" name="Get-JIMActivity" executed="True" result="Success" success="True" time="1.0631" asserts="0" description="Get-JIMActivity">
            <results>
              <test-suite type="TestFixture" name="Get-JIMActivity.Parameter Sets" executed="True" result="Success" success="True" time="0.1696" asserts="0" description="Get-JIMActivity.Parameter Sets">
                <results>
                  <test-case description="Should have a List parameter set as default" name="Get-JIMActivity.Parameter Sets.Should have a List parameter set as default" time="0.1236" asserts="0" success="True" result="Success" executed="True" />
                  <test-case description="Should have a ById parameter set" name="Get-JIMActivity.Parameter Sets.Should have a ById parameter set" time="0.0116" asserts="0" success="True" result="Success" executed="True" />
                  <test-case description="Should have an ExecutionItems parameter set" name="Get-JIMActivity.Parameter Sets.Should have an ExecutionItems parameter set" time="0.0047" asserts="0" success="True" result="Success" executed="True" />
                </results>
              </test-suite>
              <test-suite type="TestFixture" name="Get-JIMActivity.Parameter Validation" executed="True" result="Success" success="True" time="0.2321" asserts="0" description="Get-JIMActivity.Parameter Validation">
                <results>
                  <test-case description="Should have Id parameter of type guid" name="Get-JIMActivity.Parameter Validation.Should have Id parameter of type guid" time="0.0109" asserts="0" success="True" result="Success" executed="True" />
                  <test-case description="Should have Page parameter with validation range" name="Get-JIMActivity.Parameter Validation.Should have Page parameter with validation range" time="0.0167" asserts="0" success="True" result="Success" executed="True" />
                  <test-case description="Should have PageSize parameter with validation range 1-100" name="Get-JIMActivity.Parameter Validation.Should have PageSize parameter with validation range 1-100" time="0.0126" asserts="0" success="True" result="Success" executed="True" />
                  <test-case description="Should have ExecutionItems as a switch parameter" name="Get-JIMActivity.Parameter Validation.Should have ExecutionItems as a switch parameter" time="0.0088" asserts="0" success="True" result="Success" executed="True" />
                  <test-case description="Should have Search parameter for filtering" name="Get-JIMActivity.Parameter Validation.Should have Search parameter for filtering" time="0.0063" asserts="0" success="True" result="Success" executed="True" />
                </results>
              </test-suite>
              <test-suite type="TestFixture" name="Get-JIMActivity.Requires Connection" executed="True" result="Success" success="True" time="0.2879" asserts="0" description="Get-JIMActivity.Requires Connection">
                <results>
                  <test-case description="Should throw when not connected" name="Get-JIMActivity.Requires Connection.Should throw when not connected" time="0.0511" asserts="0" success="True" result="Success" executed="True" />
                </results>
              </test-suite>
              <test-suite type="TestFixture" name="Get-JIMActivity.Help Documentation" executed="True" result="Success" success="True" time="0.3326" asserts="0" description="Get-JIMActivity.Help Documentation">
                <results>
                  <test-case description="Should have a synopsis" name="Get-JIMActivity.Help Documentation.Should have a synopsis" time="0.0051" asserts="0" success="True" result="Success" executed="True" />
                  <test-case description="Should have a description" name="Get-JIMActivity.Help Documentation.Should have a description" time="0.0064" asserts="0" success="True" result="Success" executed="True" />
                  <test-case description="Should have examples" name="Get-JIMActivity.Help Documentation.Should have examples" time="0.0084" asserts="0" success="True" result="Success" executed="True" />
                </results>
              </test-suite>
              <test-suite type="TestFixture" name="Get-JIMActivity.Filter parameters" executed="True" result="Success" success="True" time="1.0485" asserts="0" description="Get-JIMActivity.Filter parameters">
                <results>
                  <test-case description="Sends no filter query parameters when none are supplied" name="Get-JIMActivity.Filter parameters.Sends no filter query parameters when none are supplied" time="0.3138" asserts="0" success="True" result="Success" executed="True" />
                  <test-case description="Sends the Operation filter in the query string, one entry per value" name="Get-JIMActivity.Filter parameters.Sends the Operation filter in the query string, one entry per value" time="0.0206" asserts="0" success="True" result="Success" executed="True" />
                  <test-case description="Sends the Outcome filter in the query string" name="Get-JIMActivity.Filter parameters.Sends the Outcome filter in the query string" time="0.0172" asserts="0" success="True" result="Success" executed="True" />
                  <test-case description="Sends the Status filter in the query string" name="Get-JIMActivity.Filter parameters.Sends the Status filter in the query string" time="0.017" asserts="0" success="True" result="Success" executed="True" />
                  <test-case description="Sends the InitiatedById filter in the query string" name="Get-JIMActivity.Filter parameters.Sends the InitiatedById filter in the query string" time="0.0187" asserts="0" success="True" result="Success" executed="True" />
                  <test-case description="Sends the InitiatedBy name filter in the query string, URL encoded" name="Get-JIMActivity.Filter parameters.Sends the InitiatedBy name filter in the query string, URL encoded" time="0.0246" asserts="0" success="True" result="Success" executed="True" />
                  <test-case description="Sends HasChildActivities as false when explicitly set to false" name="Get-JIMActivity.Filter parameters.Sends HasChildActivities as false when explicitly set to false" time="0.0228" asserts="0" success="True" result="Success" executed="True" />
                  <test-case description="Sends the created date range in the query string as round-trip UTC" name="Get-JIMActivity.Filter parameters.Sends the created date range in the query string as round-trip UTC" time="0.0261" asserts="0" success="True" result="Success" executed="True" />
                  <test-case description="Sends the ConnectedSystem filter in the query string, URL encoded, one entry per value" name="Get-JIMActivity.Filter parameters.Sends the ConnectedSystem filter in the query string, URL encoded, one entry per value" time="0.1184" asserts="0" success="True" result="Success" executed="True" />
                  <test-case description="Sends the RunProfile filter in the query string, URL encoded" name="Get-JIMActivity.Filter parameters.Sends the RunProfile filter in the query string, URL encoded" time="0.0436" asserts="0" success="True" result="Success" executed="True" />
                  <test-case description="Sends ScheduledOnly in the query string" name="Get-JIMActivity.Filter parameters.Sends ScheduledOnly in the query string" time="0.0365" asserts="0" success="True" result="Success" executed="True" />
                  <test-case description="Sends the ScheduleId filter in the query string, one entry per value" name="Get-JIMActivity.Filter parameters.Sends the ScheduleId filter in the query string, one entry per value" time="0.0191" asserts="0" success="True" result="Success" executed="True" />
                  <test-case description="Combines several filters in one request" name="Get-JIMActivity.Filter parameters.Combines several filters in one request" time="0.0151" asserts="0" success="True" result="Success" executed="True" />
                  <test-case description="Rejects an unknown Status value at bind time" name="Get-JIMActivity.Filter parameters.Rejects an unknown Status value at bind time" time="0.0123" asserts="0" success="True" result="Success" executed="True" />
                </results>
              </test-suite>
            </results>
          </test-suite>
          <test-suite type="TestFixture" name="Get-JIMActivityStats" executed="True" result="Success" success="True" time="1.174" asserts="0" description="Get-JIMActivityStats">
            <results>
              <test-suite type="TestFixture" name="Get-JIMActivityStats.Parameter Validation" executed="True" result="Success" success="True" time="0.0313" asserts="0" description="Get-JIMActivityStats.Parameter Validation">
                <results>
                  <test-case description="Should have a mandatory Id parameter" name="Get-JIMActivityStats.Parameter Validation.Should have a mandatory Id parameter" time="0.0118" asserts="0" success="True" result="Success" executed="True" />
                  <test-case description="Should have Id parameter of type guid" name="Get-JIMActivityStats.Parameter Validation.Should have Id parameter of type guid" time="0.0039" asserts="0" success="True" result="Success" executed="True" />
                  <test-case description="Should have ActivityId as an alias for Id" name="Get-JIMActivityStats.Parameter Validation.Should have ActivityId as an alias for Id" time="0.0034" asserts="0" success="True" result="Success" executed="True" />
                  <test-case description="Should accept pipeline by property name" name="Get-JIMActivityStats.Parameter Validation.Should accept pipeline by property name" time="0.0059" asserts="0" success="True" result="Success" executed="True" />
                </results>
              </test-suite>
              <test-suite type="TestFixture" name="Get-JIMActivityStats.Requires Connection" executed="True" result="Success" success="True" time="0.0738" asserts="0" description="Get-JIMActivityStats.Requires Connection">
                <results>
                  <test-case description="Should throw when not connected" name="Get-JIMActivityStats.Requires Connection.Should throw when not connected" time="0.0383" asserts="0" success="True" result="Success" executed="True" />
                </results>
              </test-suite>
              <test-suite type="TestFixture" name="Get-JIMActivityStats.Help Documentation" executed="True" result="Success" success="True" time="0.1041" asserts="0" description="Get-JIMActivityStats.Help Documentation">
                <results>
                  <test-case description="Should have a synopsis" name="Get-JIMActivityStats.Help Documentation.Should have a synopsis" time="0.0031" asserts="0" success="True" result="Success" executed="True" />
                  <test-case description="Should mention Run Profile in description" name="Get-JIMActivityStats.Help Documentation.Should mention Run Profile in description" time="0.0076" asserts="0" success="True" result="Success" executed="True" />
                  <test-case description="Should have examples" name="Get-JIMActivityStats.Help Documentation.Should have examples" time="0.0033" asserts="0" success="True" result="Success" executed="True" />
                  <test-case description="Should have related links" name="Get-JIMActivityStats.Help Documentation.Should have related links" time="0.0059" asserts="0" success="True" result="Success" executed="True" />
                </results>
              </test-suite>
            </results>
          </test-suite>
          <test-suite type="TestFixture" name="Get-JIMActivityChildren" executed="True" result="Success" success="True" time="1.4155" asserts="0" description="Get-JIMActivityChildren">
            <results>
              <test-suite type="TestFixture" name="Get-JIMActivityChildren.Parameter sets" executed="True" result="Success" success="True" time="0.0239" asserts="0" description="Get-JIMActivityChildren.Parameter sets">
                <results>
                  <test-case description="Defaults to the Page parameter set" name="Get-JIMActivityChildren.Parameter sets.Defaults to the Page parameter set" time="0.0048" asserts="0" success="True" result="Success" executed="True" />
                  <test-case description="Exposes the Page and All parameter sets" name="Get-JIMActivityChildren.Parameter sets.Exposes the Page and All parameter sets" time="0.0051" asserts="0" success="True" result="Success" executed="True" />
                  <test-case description="Rejects -Page and -All used together" name="Get-JIMActivityChildren.Parameter sets.Rejects -Page and -All used together" time="0.0094" asserts="0" success="True" result="Success" executed="True" />
                </results>
              </test-suite>
              <test-suite type="TestFixture" name="Get-JIMActivityChildren.Parameter validation" executed="True" result="Success" success="True" time="0.079" asserts="0" description="Get-JIMActivityChildren.Parameter validation">
                <results>
                  <test-case description="Requires Id and types it as a guid" name="Get-JIMActivityChildren.Parameter validation.Requires Id and types it as a guid" time="0.007" asserts="0" success="True" result="Success" executed="True" />
                  <test-case description="Accepts Id from the pipeline by property name" name="Get-JIMActivityChildren.Parameter validation.Accepts Id from the pipeline by property name" time="0.0055" asserts="0" success="True" result="Success" executed="True" />
                  <test-case description="Exposes All as a switch parameter" name="Get-JIMActivityChildren.Parameter validation.Exposes All as a switch parameter" time="0.005" asserts="0" success="True" result="Success" executed="True" />
                  <test-case description="Has a Page parameter with a validation range starting at 1" name="Get-JIMActivityChildren.Parameter validation.Has a Page parameter with a validation range starting at 1" time="0.0057" asserts="0" success="True" result="Success" executed="True" />
                  <test-case description="Has a PageSize parameter with a validation range of 1-100" name="Get-JIMActivityChildren.Parameter validation.Has a PageSize parameter with a validation range of 1-100" time="0.0079" asserts="0" success="True" result="Success" executed="True" />
                  <test-case description="Defaults Page to 1 and PageSize to 50" name="Get-JIMActivityChildren.Parameter validation.Defaults Page to 1 and PageSize to 50" time="0.0186" asserts="0" success="True" result="Success" executed="True" />
                </results>
              </test-suite>
              <test-suite type="TestFixture" name="Get-JIMActivityChildren.Requires connection" executed="True" result="Success" success="True" time="0.1099" asserts="0" description="Get-JIMActivityChildren.Requires connection">
                <results>
                  <test-case description="Throws a connect-first error when not connected" name="Get-JIMActivityChildren.Requires connection.Throws a connect-first error when not connected" time="0.0267" asserts="0" success="True" result="Success" executed="True" />
                </results>
              </test-suite>
              <test-suite type="TestFixture" name="Get-JIMActivityChildren.Pagination behaviour" executed="True" result="Success" success="True" time="0.1962" asserts="0" description="Get-JIMActivityChildren.Pagination behaviour">
                <results>
                  <test-case description="Emits each child activity from the response envelope, unwrapped" name="Get-JIMActivityChildren.Pagination behaviour.Emits each child activity from the response envelope, unwrapped" time="0.0176" asserts="0" success="True" result="Success" executed="True" />
                  <test-case description="Requests a specific page and page size when provided" name="Get-JIMActivityChildren.Pagination behaviour.Requests a specific page and page size when provided" time="0.0149" asserts="0" success="True" result="Success" executed="True" />
                  <test-case description="-All automatically pages through every child activity" name="Get-JIMActivityChildren.Pagination behaviour.-All automatically pages through every child activity" time="0.0362" asserts="0" success="True" result="Success" executed="True" />
                  <test-case description="-All stops looping once hasNextPage is false" name="Get-JIMActivityChildren.Pagination behaviour.-All stops looping once hasNextPage is false" time="0.0129" asserts="0" success="True" result="Success" executed="True" />
                </results>
              </test-suite>
              <test-suite type="TestFixture" name="Get-JIMActivityChildren.Help documentation" executed="True" result="Success" success="True" time="0.2369" asserts="0" description="Get-JIMActivityChildren.Help documentation">
                <results>
                  <test-case description="Has a synopsis" name="Get-JIMActivityChildren.Help documentation.Has a synopsis" time="0.0122" asserts="0" success="True" result="Success" executed="True" />
                  <test-case description="Has examples" name="Get-JIMActivityChildren.Help documentation.Has examples" time="0.0118" asserts="0" success="True" result="Success" executed="True" />
                  <test-case description="Documents that the response envelope is unwrapped so pipeline output is unaffected" name="Get-JIMActivityChildren.Help documentation.Documents that the response envelope is unwrapped so pipeline output is unaffected" time="0.012" asserts="0" success="True" result="Success" executed="True" />
                </results>
              </test-suite>
            </results>
          </test-suite>
          <test-suite type="TestFixture" name="Get-JIMActivity -Follow" executed="True" result="Success" success="True" time="5.6659" asserts="0" description="Get-JIMActivity -Follow">
            <results>
              <test-suite type="TestFixture" name="Get-JIMActivity -Follow.Parameter set" executed="True" result="Success" success="True" time="0.0873" asserts="0" description="Get-JIMActivity -Follow.Parameter set">
                <results>
                  <test-case description="Should have a Follow parameter set" name="Get-JIMActivity -Follow.Parameter set.Should have a Follow parameter set" time="0.0038" asserts="0" success="True" result="Success" executed="True" />
                  <test-case description="Should require Id and Follow in the Follow parameter set" name="Get-JIMActivity -Follow.Parameter set.Should require Id and Follow in the Follow parameter set" time="0.0129" asserts="0" success="True" result="Success" executed="True" />
                  <test-case description="Should validate IntervalSeconds between 1 and 300" name="Get-JIMActivity -Follow.Parameter set.Should validate IntervalSeconds between 1 and 300" time="0.0597" asserts="0" success="True" result="Success" executed="True" />
                  <test-case description="Should have a MaxPolls parameter for bounded following" name="Get-JIMActivity -Follow.Parameter set.Should have a MaxPolls parameter for bounded following" time="0.0052" asserts="0" success="True" result="Success" executed="True" />
                </results>
              </test-suite>
              <test-suite type="TestFixture" name="Get-JIMActivity -Follow.Follow behaviour" executed="True" result="Success" success="True" time="4.2456" asserts="0" description="Get-JIMActivity -Follow.Follow behaviour">
                <results>
                  <test-case description="Polls the progress endpoint until the Activity completes, then emits the final Activity" name="Get-JIMActivity -Follow.Follow behaviour.Polls the progress endpoint until the Activity completes, then emits the final Activity" time="2.085" asserts="0" success="True" result="Success" executed="True" />
                  <test-case description="Stops after MaxPolls when the Activity does not complete" name="Get-JIMActivity -Follow.Follow behaviour.Stops after MaxPolls when the Activity does not complete" time="1.0338" asserts="0" success="True" result="Success" executed="True" />
                  <test-case description="Keeps polling through transient errors rather than aborting" name="Get-JIMActivity -Follow.Follow behaviour.Keeps polling through transient errors rather than aborting" time="1.0341" asserts="0" success="True" result="Success" executed="True" />
                </results>
              </test-suite>
            </results>
          </test-suite>
        </results>
      </test-suite>
      <test-suite type="TestFixture" name="/home/user/JIM/src/JIM.PowerShell/Tests/ActivityProgressDisplay.Tests.ps1" executed="True" result="Success" success="True" time="0.1146" asserts="0" description="/home/user/JIM/src/JIM.PowerShell/Tests/ActivityProgressDisplay.Tests.ps1">
        <results>
          <test-suite type="TestFixture" name="Get-JIMActivityProgressDisplay" executed="True" result="Success" success="True" time="0.0511" asserts="0" description="Get-JIMActivityProgressDisplay">
            <results>
              <test-suite type="TestFixture" name="Get-JIMActivityProgressDisplay.Run steps" executed="True" result="Success" success="True" time="0.0326" asserts="0" description="Get-JIMActivityProgressDisplay.Run steps">
                <results>
                  <test-case description="Shows the current step and its position in the run" name="Get-JIMActivityProgressDisplay.Run steps.Shows the current step and its position in the run" time="0.0148" asserts="0" success="True" result="Success" executed="True" />
                  <test-case description="Shows the step name alone when the server reports no position" name="Get-JIMActivityProgressDisplay.Run steps.Shows the step name alone when the server reports no position" time="0.0027" asserts="0" success="True" result="Success" executed="True" />
                  <test-case description="Keeps the message when it says more than the step name does" name="Get-JIMActivityProgressDisplay.Run steps.Keeps the message when it says more than the step name does" time="0.0026" asserts="0" success="True" result="Success" executed="True" />
                  <test-case description="Does not repeat the step name when the message is only the step name" name="Get-JIMActivityProgressDisplay.Run steps.Does not repeat the step name when the message is only the step name" time="0.0055" asserts="0" success="True" result="Success" executed="True" />
                  <test-case description="Displays normally for a run that reports no steps at all" name="Get-JIMActivityProgressDisplay.Run steps.Displays normally for a run that reports no steps at all" time="0.0029" asserts="0" success="True" result="Success" executed="True" />
                </results>
              </test-suite>
              <test-suite type="TestFixture" name="Get-JIMActivityProgressDisplay.Counts and completion" executed="True" result="Success" success="True" time="0.0473" asserts="0" description="Get-JIMActivityProgressDisplay.Counts and completion">
                <results>
                  <test-case description="Reports the object counts and percentage complete" name="Get-JIMActivityProgressDisplay.Counts and completion.Reports the object counts and percentage complete" time="0.0038" asserts="0" success="True" result="Success" executed="True" />
                  <test-case description="Reports what has been processed when the run has no countable total" name="Get-JIMActivityProgressDisplay.Counts and completion.Reports what has been processed when the run has no countable total" time="0.0038" asserts="0" success="True" result="Success" executed="True" />
                  <test-case description="Falls back to elapsed time when the run has no countable total" name="Get-JIMActivityProgressDisplay.Counts and completion.Falls back to elapsed time when the run has no countable total" time="0.0031" asserts="0" success="True" result="Success" executed="True" />
                </results>
              </test-suite>
            </results>
          </test-suite>
        </results>
      </test-suite>
      <test-suite type="TestFixture" name="/home/user/JIM/src/JIM.PowerShell/Tests/ApiKeys.Tests.ps1" executed="True" result="Success" success="True" time="0.3067" asserts="0" description="/home/user/JIM/src/JIM.PowerShell/Tests/ApiKeys.Tests.ps1">
        <results>
          <test-suite type="TestFixture" name="Get-JIMApiKey" executed="True" result="Success" success="True" time="0.0522" asserts="0" description="Get-JIMApiKey">
            <results>
              <test-suite type="TestFixture" name="Get-JIMApiKey.Parameter Sets" executed="True" result="Success" success="True" time="0.0091" asserts="0" description="Get-JIMApiKey.Parameter Sets">
                <results>
                  <test-case description="Should have a List parameter set as default" name="Get-JIMApiKey.Parameter Sets.Should have a List parameter set as default" time="0.0026" asserts="0" success="True" result="Success" executed="True" />
                  <test-case description="Should have a ById parameter set" name="Get-JIMApiKey.Parameter Sets.Should have a ById parameter set" time="0.0019" asserts="0" success="True" result="Success" executed="True" />
                </results>
              </test-suite>
              <test-suite type="TestFixture" name="Get-JIMApiKey.Parameter Validation" executed="True" result="Success" success="True" time="0.0192" asserts="0" description="Get-JIMApiKey.Parameter Validation">
                <results>
                  <test-case description="Should have Id parameter that accepts GUID" name="Get-JIMApiKey.Parameter Validation.Should have Id parameter that accepts GUID" time="0.0035" asserts="0" success="True" result="Success" executed="True" />
                  <test-case description="Should have Id parameter that accepts pipeline by property name" name="Get-JIMApiKey.Parameter Validation.Should have Id parameter that accepts pipeline by property name" time="0.0022" asserts="0" success="True" result="Success" executed="True" />
                </results>
              </test-suite>
              <test-suite type="TestFixture" name="Get-JIMApiKey.Requires Connection" executed="True" result="Success" success="True" time="0.0297" asserts="0" description="Get-JIMApiKey.Requires Connection">
                <results>
                  <test-case description="Should throw when not connected" name="Get-JIMApiKey.Requires Connection.Should throw when not connected" time="0.0067" asserts="0" success="True" result="Success" executed="True" />
                </results>
              </test-suite>
              <test-suite type="TestFixture" name="Get-JIMApiKey.Help Documentation" executed="True" result="Success" success="True" time="0.0483" asserts="0" description="Get-JIMApiKey.Help Documentation">
                <results>
                  <test-case description="Should have a synopsis" name="Get-JIMApiKey.Help Documentation.Should have a synopsis" time="0.0018" asserts="0" success="True" result="Success" executed="True" />
                  <test-case description="Should have examples" name="Get-JIMApiKey.Help Documentation.Should have examples" time="0.0015" asserts="0" success="True" result="Success" executed="True" />
                  <test-case description="Should have related links" name="Get-JIMApiKey.Help Documentation.Should have related links" time="0.0016" asserts="0" success="True" result="Success" executed="True" />
                </results>
              </test-suite>
            </results>
          </test-suite>
          <test-suite type="TestFixture" name="New-JIMApiKey" executed="True" result="Success" success="True" time="0.1002" asserts="0" description="New-JIMApiKey">
            <results>
              <test-suite type="TestFixture" name="New-JIMApiKey.Parameter Validation" executed="True" result="Success" success="True" time="0.0148" asserts="0" description="New-JIMApiKey.Parameter Validation">
                <results>
                  <test-case description="Should have a mandatory Name parameter" name="New-JIMApiKey.Parameter Validation.Should have a mandatory Name parameter" time="0.0023" asserts="0" success="True" result="Success" executed="True" />
                  <test-case description="Should have a Description parameter" name="New-JIMApiKey.Parameter Validation.Should have a Description parameter" time="0.0016" asserts="0" success="True" result="Success" executed="True" />
                  <test-case description="Should have a RoleIds parameter" name="New-JIMApiKey.Parameter Validation.Should have a RoleIds parameter" time="0.0017" asserts="0" success="True" result="Success" executed="True" />
                  <test-case description="Should have an ExpiresAt parameter" name="New-JIMApiKey.Parameter Validation.Should have an ExpiresAt parameter" time="0.0015" asserts="0" success="True" result="Success" executed="True" />
                  <test-case description="Should have a PassThru switch parameter" name="New-JIMApiKey.Parameter Validation.Should have a PassThru switch parameter" time="0.0016" asserts="0" success="True" result="Success" executed="True" />
                  <test-case description="Should support ShouldProcess" name="New-JIMApiKey.Parameter Validation.Should support ShouldProcess" time="0.0019" asserts="0" success="True" result="Success" executed="True" />
                </results>
              </test-suite>
              <test-suite type="TestFixture" name="New-JIMApiKey.Requires Connection" executed="True" result="Success" success="True" time="0.0256" asserts="0" description="New-JIMApiKey.Requires Connection">
                <results>
                  <test-case description="Should throw when not connected" name="New-JIMApiKey.Requires Connection.Should throw when not connected" time="0.007" asserts="0" success="True" result="Success" executed="True" />
                </results>
              </test-suite>
              <test-suite type="TestFixture" name="New-JIMApiKey.Help Documentation" executed="True" result="Success" success="True" time="0.0442" asserts="0" description="New-JIMApiKey.Help Documentation">
                <results>
                  <test-case description="Should have a synopsis" name="New-JIMApiKey.Help Documentation.Should have a synopsis" time="0.0016" asserts="0" success="True" result="Success" executed="True" />
                  <test-case description="Should have examples" name="New-JIMApiKey.Help Documentation.Should have examples" time="0.0015" asserts="0" success="True" result="Success" executed="True" />
                  <test-case description="Should have related links" name="New-JIMApiKey.Help Documentation.Should have related links" time="0.0017" asserts="0" success="True" result="Success" executed="True" />
                </results>
              </test-suite>
            </results>
          </test-suite>
          <test-suite type="TestFixture" name="Set-JIMApiKey" executed="True" result="Success" success="True" time="0.1567" asserts="0" description="Set-JIMApiKey">
            <results>
              <test-suite type="TestFixture" name="Set-JIMApiKey.Parameter Validation" executed="True" result="Success" success="True" time="0.016" asserts="0" description="Set-JIMApiKey.Parameter Validation">
                <results>
                  <test-case description="Should have a mandatory Id parameter" name="Set-JIMApiKey.Parameter Validation.Should have a mandatory Id parameter" time="0.0024" asserts="0" success="True" result="Success" executed="True" />
                  <test-case description="Should have Id parameter that accepts pipeline by property name" name="Set-JIMApiKey.Parameter Validation.Should have Id parameter that accepts pipeline by property name" time="0.0021" asserts="0" success="True" result="Success" executed="True" />
                  <test-case description="Should have Enable switch parameter" name="Set-JIMApiKey.Parameter Validation.Should have Enable switch parameter" time="0.0016" asserts="0" success="True" result="Success" executed="True" />
                  <test-case description="Should have Disable switch parameter" name="Set-JIMApiKey.Parameter Validation.Should have Disable switch parameter" time="0.0016" asserts="0" success="True" result="Success" executed="True" />
                  <test-case description="Should have a PassThru switch parameter" name="Set-JIMApiKey.Parameter Validation.Should have a PassThru switch parameter" time="0.0016" asserts="0" success="True" result="Success" executed="True" />
                  <test-case description="Should support ShouldProcess" name="Set-JIMApiKey.Parameter Validation.Should support ShouldProcess" time="0.0023" asserts="0" success="True" result="Success" executed="True" />
                </results>
              </test-suite>
              <test-suite type="TestFixture" name="Set-JIMApiKey.Requires Connection" executed="True" result="Success" success="True" time="0.0339" asserts="0" description="Set-JIMApiKey.Requires Connection">
                <results>
                  <test-case description="Should throw when not connected" name="Set-JIMApiKey.Requires Connection.Should throw when not connected" time="0.0119" asserts="0" success="True" result="Success" executed="True" />
                </results>
              </test-suite>
              <test-suite type="TestFixture" name="Set-JIMApiKey.Help Documentation" executed="True" result="Success" success="True" time="0.053" asserts="0" description="Set-JIMApiKey.Help Documentation">
                <results>
                  <test-case description="Should have a synopsis" name="Set-JIMApiKey.Help Documentation.Should have a synopsis" time="0.0017" asserts="0" success="True" result="Success" executed="True" />
                  <test-case description="Should have examples" name="Set-JIMApiKey.Help Documentation.Should have examples" time="0.0016" asserts="0" success="True" result="Success" executed="True" />
                </results>
              </test-suite>
            </results>
          </test-suite>
          <test-suite type="TestFixture" name="Remove-JIMApiKey" executed="True" result="Success" success="True" time="0.2037" asserts="0" description="Remove-JIMApiKey">
            <results>
              <test-suite type="TestFixture" name="Remove-JIMApiKey.Parameter Validation" executed="True" result="Success" success="True" time="0.0173" asserts="0" description="Remove-JIMApiKey.Parameter Validation">
                <results>
                  <test-case description="Should support ShouldProcess" name="Remove-JIMApiKey.Parameter Validation.Should support ShouldProcess" time="0.0049" asserts="0" success="True" result="Success" executed="True" />
                  <test-case description="Should have a Force switch parameter" name="Remove-JIMApiKey.Parameter Validation.Should have a Force switch parameter" time="0.0017" asserts="0" success="True" result="Success" executed="True" />
                  <test-case description="Should have a PassThru switch parameter" name="Remove-JIMApiKey.Parameter Validation.Should have a PassThru switch parameter" time="0.0015" asserts="0" success="True" result="Success" executed="True" />
                  <test-case description="Should have Id parameter that accepts pipeline by property name" name="Remove-JIMApiKey.Parameter Validation.Should have Id parameter that accepts pipeline by property name" time="0.002" asserts="0" success="True" result="Success" executed="True" />
                  <test-case description="Should have InputObject parameter that accepts pipeline input" name="Remove-JIMApiKey.Parameter Validation.Should have InputObject parameter that accepts pipeline input" time="0.003" asserts="0" success="True" result="Success" executed="True" />
                </results>
              </test-suite>
              <test-suite type="TestFixture" name="Remove-JIMApiKey.Requires Connection" executed="True" result="Success" success="True" time="0.0261" asserts="0" description="Remove-JIMApiKey.Requires Connection">
                <results>
                  <test-case description="Should throw when not connected" name="Remove-JIMApiKey.Requires Connection.Should throw when not connected" time="0.0051" asserts="0" success="True" result="Success" executed="True" />
                </results>
              </test-suite>
              <test-suite type="TestFixture" name="Remove-JIMApiKey.Help Documentation" executed="True" result="Success" success="True" time="0.0437" asserts="0" description="Remove-JIMApiKey.Help Documentation">
                <results>
                  <test-case description="Should have a synopsis" name="Remove-JIMApiKey.Help Documentation.Should have a synopsis" time="0.0018" asserts="0" success="True" result="Success" executed="True" />
                  <test-case description="Should have examples" name="Remove-JIMApiKey.Help Documentation.Should have examples" time="0.0018" asserts="0" success="True" result="Success" executed="True" />
                </results>
              </test-suite>
            </results>
          </test-suite>
        </results>
      </test-suite>
      <test-suite type="TestFixture" name="/home/user/JIM/src/JIM.PowerShell/Tests/Certificates.Tests.ps1" executed="True" result="Success" success="True" time="0.4234" asserts="0" description="/home/user/JIM/src/JIM.PowerShell/Tests/Certificates.Tests.ps1">
        <results>
          <test-suite type="TestFixture" name="Get-JIMCertificate" executed="True" result="Success" success="True" time="0.0718" asserts="0" description="Get-JIMCertificate">
            <results>
              <test-suite type="TestFixture" name="Get-JIMCertificate.Parameter Sets" executed="True" result="Success" success="True" time="0.0097" asserts="0" description="Get-JIMCertificate.Parameter Sets">
                <results>
                  <test-case description="Should have a List parameter set as default" name="Get-JIMCertificate.Parameter Sets.Should have a List parameter set as default" time="0.0026" asserts="0" success="True" result="Success" executed="True" />
                  <test-case description="Should have a ById parameter set" name="Get-JIMCertificate.Parameter Sets.Should have a ById parameter set" time="0.0015" asserts="0" success="True" result="Success" executed="True" />
                  <test-case description="Should have an Enabled parameter set" name="Get-JIMCertificate.Parameter Sets.Should have an Enabled parameter set" time="0.0016" asserts="0" success="True" result="Success" executed="True" />
                </results>
              </test-suite>
              <test-suite type="TestFixture" name="Get-JIMCertificate.Parameter Validation" executed="True" result="Success" success="True" time="0.017" asserts="0" description="Get-JIMCertificate.Parameter Validation">
                <results>
                  <test-case description="Should have Id parameter that accepts GUID" name="Get-JIMCertificate.Parameter Validation.Should have Id parameter that accepts GUID" time="0.002" asserts="0" success="True" result="Success" executed="True" />
                  <test-case description="Should have EnabledOnly switch parameter" name="Get-JIMCertificate.Parameter Validation.Should have EnabledOnly switch parameter" time="0.0015" asserts="0" success="True" result="Success" executed="True" />
                </results>
              </test-suite>
              <test-suite type="TestFixture" name="Get-JIMCertificate.Requires Connection" executed="True" result="Success" success="True" time="0.0261" asserts="0" description="Get-JIMCertificate.Requires Connection">
                <results>
                  <test-case description="Should throw when not connected" name="Get-JIMCertificate.Requires Connection.Should throw when not connected" time="0.0057" asserts="0" success="True" result="Success" executed="True" />
                </results>
              </test-suite>
              <test-suite type="TestFixture" name="Get-JIMCertificate.List behaviour" executed="True" result="Success" success="True" time="0.0474" asserts="0" description="Get-JIMCertificate.List behaviour">
                <results>
                  <test-case description="Emits nothing when the store is empty (does not leak the pagination envelope)" name="Get-JIMCertificate.List behaviour.Emits nothing when the store is empty (does not leak the pagination envelope)" time="0.0097" asserts="0" success="True" result="Success" executed="True" />
                  <test-case description="Emits each certificate from the response envelope, unwrapped" name="Get-JIMCertificate.List behaviour.Emits each certificate from the response envelope, unwrapped" time="0.0083" asserts="0" success="True" result="Success" executed="True" />
                </results>
              </test-suite>
              <test-suite type="TestFixture" name="Get-JIMCertificate.Help Documentation" executed="True" result="Success" success="True" time="0.0685" asserts="0" description="Get-JIMCertificate.Help Documentation">
                <results>
                  <test-case description="Should have a synopsis" name="Get-JIMCertificate.Help Documentation.Should have a synopsis" time="0.0018" asserts="0" success="True" result="Success" executed="True" />
                  <test-case description="Should have examples" name="Get-JIMCertificate.Help Documentation.Should have examples" time="0.0023" asserts="0" success="True" result="Success" executed="True" />
                  <test-case description="Should have related links" name="Get-JIMCertificate.Help Documentation.Should have related links" time="0.0023" asserts="0" success="True" result="Success" executed="True" />
                </results>
              </test-suite>
            </results>
          </test-suite>
          <test-suite type="TestFixture" name="Add-JIMCertificate" executed="True" result="Success" success="True" time="0.1463" asserts="0" description="Add-JIMCertificate">
            <results>
              <test-suite type="TestFixture" name="Add-JIMCertificate.Parameter Sets" executed="True" result="Success" success="True" time="0.0082" asserts="0" description="Add-JIMCertificate.Parameter Sets">
                <results>
                  <test-case description="Should have FromFile as default parameter set" name="Add-JIMCertificate.Parameter Sets.Should have FromFile as default parameter set" time="0.0017" asserts="0" success="True" result="Success" executed="True" />
                  <test-case description="Should have FromData parameter set" name="Add-JIMCertificate.Parameter Sets.Should have FromData parameter set" time="0.0015" asserts="0" success="True" result="Success" executed="True" />
                  <test-case description="Should have FromBase64 parameter set" name="Add-JIMCertificate.Parameter Sets.Should have FromBase64 parameter set" time="0.0014" asserts="0" success="True" result="Success" executed="True" />
                </results>
              </test-suite>
              <test-suite type="TestFixture" name="Add-JIMCertificate.Parameter Validation" executed="True" result="Success" success="True" time="0.0168" asserts="0" description="Add-JIMCertificate.Parameter Validation">
                <results>
                  <test-case description="Should have a mandatory Name parameter" name="Add-JIMCertificate.Parameter Validation.Should have a mandatory Name parameter" time="0.002" asserts="0" success="True" result="Success" executed="True" />
                  <test-case description="Should have a PassThru switch parameter" name="Add-JIMCertificate.Parameter Validation.Should have a PassThru switch parameter" time="0.0015" asserts="0" success="True" result="Success" executed="True" />
                  <test-case description="Should support ShouldProcess" name="Add-JIMCertificate.Parameter Validation.Should support ShouldProcess" time="0.0014" asserts="0" success="True" result="Success" executed="True" />
                </results>
              </test-suite>
              <test-suite type="TestFixture" name="Add-JIMCertificate.Requires Connection" executed="True" result="Success" success="True" time="0.0523" asserts="0" description="Add-JIMCertificate.Requires Connection">
                <results>
                  <test-case description="Should throw when not connected" name="Add-JIMCertificate.Requires Connection.Should throw when not connected" time="0.0323" asserts="0" success="True" result="Success" executed="True" />
                </results>
              </test-suite>
              <test-suite type="TestFixture" name="Add-JIMCertificate.Help Documentation" executed="True" result="Success" success="True" time="0.0713" asserts="0" description="Add-JIMCertificate.Help Documentation">
                <results>
                  <test-case description="Should have a synopsis" name="Add-JIMCertificate.Help Documentation.Should have a synopsis" time="0.0016" asserts="0" success="True" result="Success" executed="True" />
                  <test-case description="Should have examples" name="Add-JIMCertificate.Help Documentation.Should have examples" time="0.0017" asserts="0" success="True" result="Success" executed="True" />
                </results>
              </test-suite>
            </results>
          </test-suite>
          <test-suite type="TestFixture" name="Set-JIMCertificate" executed="True" result="Success" success="True" time="0.1879" asserts="0" description="Set-JIMCertificate">
            <results>
              <test-suite type="TestFixture" name="Set-JIMCertificate.Parameter Validation" executed="True" result="Success" success="True" time="0.0129" asserts="0" description="Set-JIMCertificate.Parameter Validation">
                <results>
                  <test-case description="Should have a mandatory Id parameter" name="Set-JIMCertificate.Parameter Validation.Should have a mandatory Id parameter" time="0.0029" asserts="0" success="True" result="Success" executed="True" />
                  <test-case description="Should have Enable switch parameter" name="Set-JIMCertificate.Parameter Validation.Should have Enable switch parameter" time="0.0018" asserts="0" success="True" result="Success" executed="True" />
                  <test-case description="Should have Disable switch parameter" name="Set-JIMCertificate.Parameter Validation.Should have Disable switch parameter" time="0.0014" asserts="0" success="True" result="Success" executed="True" />
                  <test-case description="Should have a PassThru switch parameter" name="Set-JIMCertificate.Parameter Validation.Should have a PassThru switch parameter" time="0.0015" asserts="0" success="True" result="Success" executed="True" />
                  <test-case description="Should support ShouldProcess" name="Set-JIMCertificate.Parameter Validation.Should support ShouldProcess" time="0.0015" asserts="0" success="True" result="Success" executed="True" />
                </results>
              </test-suite>
              <test-suite type="TestFixture" name="Set-JIMCertificate.Requires Connection" executed="True" result="Success" success="True" time="0.0229" asserts="0" description="Set-JIMCertificate.Requires Connection">
                <results>
                  <test-case description="Should throw when not connected" name="Set-JIMCertificate.Requires Connection.Should throw when not connected" time="0.0058" asserts="0" success="True" result="Success" executed="True" />
                </results>
              </test-suite>
              <test-suite type="TestFixture" name="Set-JIMCertificate.Help Documentation" executed="True" result="Success" success="True" time="0.0386" asserts="0" description="Set-JIMCertificate.Help Documentation">
                <results>
                  <test-case description="Should have a synopsis" name="Set-JIMCertificate.Help Documentation.Should have a synopsis" time="0.0016" asserts="0" success="True" result="Success" executed="True" />
                  <test-case description="Should have examples" name="Set-JIMCertificate.Help Documentation.Should have examples" time="0.0015" asserts="0" success="True" result="Success" executed="True" />
                </results>
              </test-suite>
            </results>
          </test-suite>
          <test-suite type="TestFixture" name="Remove-JIMCertificate" executed="True" result="Success" success="True" time="0.228" asserts="0" description="Remove-JIMCertificate">
            <results>
              <test-suite type="TestFixture" name="Remove-JIMCertificate.Parameter Validation" executed="True" result="Success" success="True" time="0.0097" asserts="0" description="Remove-JIMCertificate.Parameter Validation">
                <results>
                  <test-case description="Should support ShouldProcess" name="Remove-JIMCertificate.Parameter Validation.Should support ShouldProcess" time="0.0022" asserts="0" success="True" result="Success" executed="True" />
                  <test-case description="Should have a Force switch parameter" name="Remove-JIMCertificate.Parameter Validation.Should have a Force switch parameter" time="0.0018" asserts="0" success="True" result="Success" executed="True" />
                  <test-case description="Should have a PassThru switch parameter" name="Remove-JIMCertificate.Parameter Validation.Should have a PassThru switch parameter" time="0.0016" asserts="0" success="True" result="Success" executed="True" />
                </results>
              </test-suite>
              <test-suite type="TestFixture" name="Remove-JIMCertificate.Requires Connection" executed="True" result="Success" success="True" time="0.019" asserts="0" description="Remove-JIMCertificate.Requires Connection">
                <results>
                  <test-case description="Should throw when not connected" name="Remove-JIMCertificate.Requires Connection.Should throw when not connected" time="0.0056" asserts="0" success="True" result="Success" executed="True" />
                </results>
              </test-suite>
              <test-suite type="TestFixture" name="Remove-JIMCertificate.Help Documentation" executed="True" result="Success" success="True" time="0.0369" asserts="0" description="Remove-JIMCertificate.Help Documentation">
                <results>
                  <test-case description="Should have a synopsis" name="Remove-JIMCertificate.Help Documentation.Should have a synopsis" time="0.0017" asserts="0" success="True" result="Success" executed="True" />
                  <test-case description="Should have examples" name="Remove-JIMCertificate.Help Documentation.Should have examples" time="0.0017" asserts="0" success="True" result="Success" executed="True" />
                </results>
              </test-suite>
            </results>
          </test-suite>
          <test-suite type="TestFixture" name="Test-JIMCertificate" executed="True" result="Success" success="True" time="0.2604" asserts="0" description="Test-JIMCertificate">
            <results>
              <test-suite type="TestFixture" name="Test-JIMCertificate.Parameter Validation" executed="True" result="Success" success="True" time="0.0075" asserts="0" description="Test-JIMCertificate.Parameter Validation">
                <results>
                  <test-case description="Should have a mandatory Id parameter" name="Test-JIMCertificate.Parameter Validation.Should have a mandatory Id parameter" time="0.002" asserts="0" success="True" result="Success" executed="True" />
                  <test-case description="Should have Id parameter that accepts pipeline by property name" name="Test-JIMCertificate.Parameter Validation.Should have Id parameter that accepts pipeline by property name" time="0.002" asserts="0" success="True" result="Success" executed="True" />
                </results>
              </test-suite>
              <test-suite type="TestFixture" name="Test-JIMCertificate.Requires Connection" executed="True" result="Success" success="True" time="0.0144" asserts="0" description="Test-JIMCertificate.Requires Connection">
                <results>
                  <test-case description="Should throw when not connected" name="Test-JIMCertificate.Requires Connection.Should throw when not connected" time="0.0037" asserts="0" success="True" result="Success" executed="True" />
                </results>
              </test-suite>
              <test-suite type="TestFixture" name="Test-JIMCertificate.Help Documentation" executed="True" result="Success" success="True" time="0.0292" asserts="0" description="Test-JIMCertificate.Help Documentation">
                <results>
                  <test-case description="Should have a synopsis" name="Test-JIMCertificate.Help Documentation.Should have a synopsis" time="0.0015" asserts="0" success="True" result="Success" executed="True" />
                  <test-case description="Should have examples" name="Test-JIMCertificate.Help Documentation.Should have examples" time="0.0015" asserts="0" success="True" result="Success" executed="True" />
                </results>
              </test-suite>
            </results>
          </test-suite>
          <test-suite type="TestFixture" name="Export-JIMCertificate" executed="True" result="Success" success="True" time="0.3053" asserts="0" description="Export-JIMCertificate">
            <results>
              <test-suite type="TestFixture" name="Export-JIMCertificate.Parameter Sets" executed="True" result="Success" success="True" time="0.007" asserts="0" description="Export-JIMCertificate.Parameter Sets">
                <results>
                  <test-case description="Should have ToFile as default parameter set" name="Export-JIMCertificate.Parameter Sets.Should have ToFile as default parameter set" time="0.0019" asserts="0" success="True" result="Success" executed="True" />
                  <test-case description="Should have PassThru parameter set" name="Export-JIMCertificate.Parameter Sets.Should have PassThru parameter set" time="0.0016" asserts="0" success="True" result="Success" executed="True" />
                </results>
              </test-suite>
              <test-suite type="TestFixture" name="Export-JIMCertificate.Parameter Validation" executed="True" result="Success" success="True" time="0.0185" asserts="0" description="Export-JIMCertificate.Parameter Validation">
                <results>
                  <test-case description="Should have a mandatory Id parameter" name="Export-JIMCertificate.Parameter Validation.Should have a mandatory Id parameter" time="0.0022" asserts="0" success="True" result="Success" executed="True" />
                  <test-case description="Should have Path parameter" name="Export-JIMCertificate.Parameter Validation.Should have Path parameter" time="0.0016" asserts="0" success="True" result="Success" executed="True" />
                  <test-case description="Should have Force switch parameter" name="Export-JIMCertificate.Parameter Validation.Should have Force switch parameter" time="0.0016" asserts="0" success="True" result="Success" executed="True" />
                  <test-case description="Should have PassThru switch parameter" name="Export-JIMCertificate.Parameter Validation.Should have PassThru switch parameter" time="0.0014" asserts="0" success="True" result="Success" executed="True" />
                </results>
              </test-suite>
              <test-suite type="TestFixture" name="Export-JIMCertificate.Requires Connection" executed="True" result="Success" success="True" time="0.0266" asserts="0" description="Export-JIMCertificate.Requires Connection">
                <results>
                  <test-case description="Should write error when not connected" name="Export-JIMCertificate.Requires Connection.Should write error when not connected" time="0.0049" asserts="0" success="True" result="Success" executed="True" />
                </results>
              </test-suite>
              <test-suite type="TestFixture" name="Export-JIMCertificate.Help Documentation" executed="True" result="Success" success="True" time="0.0421" asserts="0" description="Export-JIMCertificate.Help Documentation">
                <results>
                  <test-case description="Should have a synopsis" name="Export-JIMCertificate.Help Documentation.Should have a synopsis" time="0.0015" asserts="0" success="True" result="Success" executed="True" />
                  <test-case description="Should have examples" name="Export-JIMCertificate.Help Documentation.Should have examples" time="0.0016" asserts="0" success="True" result="Success" executed="True" />
                </results>
              </test-suite>
            </results>
          </test-suite>
        </results>
      </test-suite>
      <test-suite type="TestFixture" name="/home/user/JIM/src/JIM.PowerShell/Tests/Clear-JIMConnectedSystem.Tests.ps1" executed="True" result="Success" success="True" time="0.1547" asserts="0" description="/home/user/JIM/src/JIM.PowerShell/Tests/Clear-JIMConnectedSystem.Tests.ps1">
        <results>
          <test-suite type="TestFixture" name="Clear-JIMConnectedSystem" executed="True" result="Success" success="True" time="0.0595" asserts="0" description="Clear-JIMConnectedSystem">
            <results>
              <test-suite type="TestFixture" name="Clear-JIMConnectedSystem.Parameter Sets" executed="True" result="Success" success="True" time="0.007" asserts="0" description="Clear-JIMConnectedSystem.Parameter Sets">
                <results>
                  <test-case description="Should have ById as the default parameter set" name="Clear-JIMConnectedSystem.Parameter Sets.Should have ById as the default parameter set" time="0.0018" asserts="0" success="True" result="Success" executed="True" />
                  <test-case description="Should have a ByInputObject parameter set" name="Clear-JIMConnectedSystem.Parameter Sets.Should have a ByInputObject parameter set" time="0.0016" asserts="0" success="True" result="Success" executed="True" />
                </results>
              </test-suite>
              <test-suite type="TestFixture" name="Clear-JIMConnectedSystem.Parameter Validation" executed="True" result="Success" success="True" time="0.0221" asserts="0" description="Clear-JIMConnectedSystem.Parameter Validation">
                <results>
                  <test-case description="Should support ShouldProcess" name="Clear-JIMConnectedSystem.Parameter Validation.Should support ShouldProcess" time="0.0022" asserts="0" success="True" result="Success" executed="True" />
                  <test-case description="Should have a Force switch parameter" name="Clear-JIMConnectedSystem.Parameter Validation.Should have a Force switch parameter" time="0.0015" asserts="0" success="True" result="Success" executed="True" />
                  <test-case description="Should have a KeepChangeHistory switch parameter" name="Clear-JIMConnectedSystem.Parameter Validation.Should have a KeepChangeHistory switch parameter" time="0.0015" asserts="0" success="True" result="Success" executed="True" />
                  <test-case description="Should have Id parameter that accepts pipeline by property name" name="Clear-JIMConnectedSystem.Parameter Validation.Should have Id parameter that accepts pipeline by property name" time="0.0019" asserts="0" success="True" result="Success" executed="True" />
                  <test-case description="Should have InputObject parameter that accepts pipeline input" name="Clear-JIMConnectedSystem.Parameter Validation.Should have InputObject parameter that accepts pipeline input" time="0.002" asserts="0" success="True" result="Success" executed="True" />
                  <test-case description="Should have Id parameter as mandatory" name="Clear-JIMConnectedSystem.Parameter Validation.Should have Id parameter as mandatory" time="0.0021" asserts="0" success="True" result="Success" executed="True" />
                </results>
              </test-suite>
              <test-suite type="TestFixture" name="Clear-JIMConnectedSystem.Requires Connection" executed="True" result="Success" success="True" time="0.0318" asserts="0" description="Clear-JIMConnectedSystem.Requires Connection">
                <results>
                  <test-case description="Should write error when not connected" name="Clear-JIMConnectedSystem.Requires Connection.Should write error when not connected" time="0.0066" asserts="0" success="True" result="Success" executed="True" />
                </results>
              </test-suite>
              <test-suite type="TestFixture" name="Clear-JIMConnectedSystem.Help Documentation" executed="True" result="Success" success="True" time="0.0564" asserts="0" description="Clear-JIMConnectedSystem.Help Documentation">
                <results>
                  <test-case description="Should have a synopsis" name="Clear-JIMConnectedSystem.Help Documentation.Should have a synopsis" time="0.0015" asserts="0" success="True" result="Success" executed="True" />
                  <test-case description="Should have a description" name="Clear-JIMConnectedSystem.Help Documentation.Should have a description" time="0.0015" asserts="0" success="True" result="Success" executed="True" />
                  <test-case description="Should have examples" name="Clear-JIMConnectedSystem.Help Documentation.Should have examples" time="0.0014" asserts="0" success="True" result="Success" executed="True" />
                  <test-case description="Should document the Id parameter" name="Clear-JIMConnectedSystem.Help Documentation.Should document the Id parameter" time="0.004" asserts="0" success="True" result="Success" executed="True" />
                  <test-case description="Should document the KeepChangeHistory parameter" name="Clear-JIMConnectedSystem.Help Documentation.Should document the KeepChangeHistory parameter" time="0.0018" asserts="0" success="True" result="Success" executed="True" />
                  <test-case description="Should have related links" name="Clear-JIMConnectedSystem.Help Documentation.Should have related links" time="0.0015" asserts="0" success="True" result="Success" executed="True" />
                </results>
              </test-suite>
            </results>
          </test-suite>
        </results>
      </test-suite>
      <test-suite type="TestFixture" name="/home/user/JIM/src/JIM.PowerShell/Tests/ConfigurationChangeHistory.Tests.ps1" executed="True" result="Success" success="True" time="0.3743" asserts="0" description="/home/user/JIM/src/JIM.PowerShell/Tests/ConfigurationChangeHistory.Tests.ps1">
        <results>
          <test-suite type="TestFixture" name="Get-JIMConfigurationChangeHistory" executed="True" result="Success" success="True" time="0.182" asserts="0" description="Get-JIMConfigurationChangeHistory">
            <results>
              <test-suite type="TestFixture" name="Get-JIMConfigurationChangeHistory.Parameter sets" executed="True" result="Success" success="True" time="0.0077" asserts="0" description="Get-JIMConfigurationChangeHistory.Parameter sets">
                <results>
                  <test-case description="Defaults to the Page parameter set" name="Get-JIMConfigurationChangeHistory.Parameter sets.Defaults to the Page parameter set" time="0.0018" asserts="0" success="True" result="Success" executed="True" />
                  <test-case description="Exposes the Page, All, Version and Compare parameter sets" name="Get-JIMConfigurationChangeHistory.Parameter sets.Exposes the Page, All, Version and Compare parameter sets" time="0.0027" asserts="0" success="True" result="Success" executed="True" />
                </results>
              </test-suite>
              <test-suite type="TestFixture" name="Get-JIMConfigurationChangeHistory.Parameter validation" executed="True" result="Success" success="True" time="0.1203" asserts="0" description="Get-JIMConfigurationChangeHistory.Parameter validation">
                <results>
                  <test-case description="Requires Type and restricts it to the covered configuration object kinds" name="Get-JIMConfigurationChangeHistory.Parameter validation.Requires Type and restricts it to the covered configuration object kinds" time="0.0102" asserts="0" success="True" result="Success" executed="True" />
                  <test-case description="Accepts Id from the pipeline by property name" name="Get-JIMConfigurationChangeHistory.Parameter validation.Accepts Id from the pipeline by property name" time="0.002" asserts="0" success="True" result="Success" executed="True" />
                  <test-case description="Types Id as string so it can carry an integer or a GUID" name="Get-JIMConfigurationChangeHistory.Parameter validation.Types Id as string so it can carry an integer or a GUID" time="0.0019" asserts="0" success="True" result="Success" executed="True" />
                  <test-case description="Rejects a non-integer Id for -Type SynchronisationRule" name="Get-JIMConfigurationChangeHistory.Parameter validation.Rejects a non-integer Id for -Type SynchronisationRule" time="0.0058" asserts="0" success="True" result="Success" executed="True" />
                  <test-case description="Accepts a dot-notation string key for -Type ServiceSetting (no id-shape rejection)" name="Get-JIMConfigurationChangeHistory.Parameter validation.Accepts a dot-notation string key for -Type ServiceSetting (no id-shape rejection)" time="0.0044" asserts="0" success="True" result="Success" executed="True" />
                  <test-case description="Exposes Version, CompareFrom, CompareTo, AsDiff and Raw" name="Get-JIMConfigurationChangeHistory.Parameter validation.Exposes Version, CompareFrom, CompareTo, AsDiff and Raw" time="0.004" asserts="0" success="True" result="Success" executed="True" />
                  <test-suite type="ParameterizedTest" name="Get-JIMConfigurationChangeHistory.Parameter validation.Rejects a non-GUID Id for -Type &lt;_&gt;" executed="True" result="Success" success="True" time="0.032" asserts="0" description="Rejects a non-GUID Id for -Type &lt;_&gt;">
                    <results>
                      <test-case description="Rejects a non-GUID Id for -Type Schedule" name="Get-JIMConfigurationChangeHistory.Parameter validation.Rejects a non-GUID Id for -Type Schedule" time="0.027" asserts="0" success="True" result="Success" executed="True" />
                      <test-case description="Rejects a non-GUID Id for -Type TrustedCertificate" name="Get-JIMConfigurationChangeHistory.Parameter validation.Rejects a non-GUID Id for -Type TrustedCertificate" time="0.0025" asserts="0" success="True" result="Success" executed="True" />
                      <test-case description="Rejects a non-GUID Id for -Type ApiKey" name="Get-JIMConfigurationChangeHistory.Parameter validation.Rejects a non-GUID Id for -Type ApiKey" time="0.0025" asserts="0" success="True" result="Success" executed="True" />
                    </results>
                  </test-suite>
                  <test-suite type="ParameterizedTest" name="Get-JIMConfigurationChangeHistory.Parameter validation.Rejects a non-integer Id for -Type &lt;_&gt;" executed="True" result="Success" success="True" time="0.0484" asserts="0" description="Rejects a non-integer Id for -Type &lt;_&gt;">
                    <results>
                      <test-case description="Rejects a non-integer Id for -Type MetaverseObjectType" name="Get-JIMConfigurationChangeHistory.Parameter validation.Rejects a non-integer Id for -Type MetaverseObjectType" time="0.0031" asserts="0" success="True" result="Success" executed="True" />
                      <test-case description="Rejects a non-integer Id for -Type MetaverseAttribute" name="Get-JIMConfigurationChangeHistory.Parameter validation.Rejects a non-integer Id for -Type MetaverseAttribute" time="0.0026" asserts="0" success="True" result="Success" executed="True" />
                      <test-case description="Rejects a non-integer Id for -Type Role" name="Get-JIMConfigurationChangeHistory.Parameter validation.Rejects a non-integer Id for -Type Role" time="0.0025" asserts="0" success="True" result="Success" executed="True" />
                      <test-case description="Rejects a non-integer Id for -Type PredefinedSearch" name="Get-JIMConfigurationChangeHistory.Parameter validation.Rejects a non-integer Id for -Type PredefinedSearch" time="0.0299" asserts="0" success="True" result="Success" executed="True" />
                      <test-case description="Rejects a non-integer Id for -Type ConnectorDefinition" name="Get-JIMConfigurationChangeHistory.Parameter validation.Rejects a non-integer Id for -Type ConnectorDefinition" time="0.0034" asserts="0" success="True" result="Success" executed="True" />
                      <test-case description="Rejects a non-integer Id for -Type ExampleDataTemplate" name="Get-JIMConfigurationChangeHistory.Parameter validation.Rejects a non-integer Id for -Type ExampleDataTemplate" time="0.0034" asserts="0" success="True" result="Success" executed="True" />
                      <test-case description="Rejects a non-integer Id for -Type ExampleDataSet" name="Get-JIMConfigurationChangeHistory.Parameter validation.Rejects a non-integer Id for -Type ExampleDataSet" time="0.0036" asserts="0" success="True" result="Success" executed="True" />
                    </results>
                  </test-suite>
                </results>
              </test-suite>
              <test-suite type="TestFixture" name="Get-JIMConfigurationChangeHistory.Requires connection" executed="True" result="Success" success="True" time="0.1278" asserts="0" description="Get-JIMConfigurationChangeHistory.Requires connection">
                <results>
                  <test-case description="Throws a connect-first error when not connected" name="Get-JIMConfigurationChangeHistory.Requires connection.Throws a connect-first error when not connected" time="0.0038" asserts="0" success="True" result="Success" executed="True" />
                </results>
              </test-suite>
              <test-suite type="TestFixture" name="Get-JIMConfigurationChangeHistory.Endpoint mapping" executed="True" result="Success" success="True" time="0.1601" asserts="0" description="Get-JIMConfigurationChangeHistory.Endpoint mapping">
                <results>
                  <test-case description="Maps -Type ConnectorDefinition -Id 3 to the connector-definitions change-history route" name="Get-JIMConfigurationChangeHistory.Endpoint mapping.Maps -Type ConnectorDefinition -Id 3 to the connector-definitions change-history route" time="0.0107" asserts="0" success="True" result="Success" executed="True" />
                  <test-case description="Maps -Type ExampleDataSet -Id 5 to the example-data-sets change-history route" name="Get-JIMConfigurationChangeHistory.Endpoint mapping.Maps -Type ExampleDataSet -Id 5 to the example-data-sets change-history route" time="0.0093" asserts="0" success="True" result="Success" executed="True" />
                  <test-case description="Maps -Type ExampleDataTemplate -Id 1 to the templates change-history route" name="Get-JIMConfigurationChangeHistory.Endpoint mapping.Maps -Type ExampleDataTemplate -Id 1 to the templates change-history route" time="0.0086" asserts="0" success="True" result="Success" executed="True" />
                </results>
              </test-suite>
              <test-suite type="TestFixture" name="Get-JIMConfigurationChangeHistory.Help documentation" executed="True" result="Success" success="True" time="0.1783" asserts="0" description="Get-JIMConfigurationChangeHistory.Help documentation">
                <results>
                  <test-case description="Has a synopsis" name="Get-JIMConfigurationChangeHistory.Help documentation.Has a synopsis" time="0.0015" asserts="0" success="True" result="Success" executed="True" />
                  <test-case description="Has examples" name="Get-JIMConfigurationChangeHistory.Help documentation.Has examples" time="0.0014" asserts="0" success="True" result="Success" executed="True" />
                </results>
              </test-suite>
            </results>
          </test-suite>
          <test-suite type="TestFixture" name="ChangeReason on configuration write cmdlets" executed="True" result="Success" success="True" time="0.264" asserts="0" description="ChangeReason on configuration write cmdlets">
            <results>
              <test-suite type="ParameterizedTest" name="ChangeReason on configuration write cmdlets.&lt;_&gt; exposes an optional ChangeReason parameter" executed="True" result="Success" success="True" time="0.0779" asserts="0" description="&lt;_&gt; exposes an optional ChangeReason parameter">
                <results>
                  <test-case description="New-JIMSyncRule exposes an optional ChangeReason parameter" name="ChangeReason on configuration write cmdlets.New-JIMSyncRule exposes an optional ChangeReason parameter" time="0.0036" asserts="0" success="True" result="Success" executed="True" />
                  <test-case description="Set-JIMSyncRule exposes an optional ChangeReason parameter" name="ChangeReason on configuration write cmdlets.Set-JIMSyncRule exposes an optional ChangeReason parameter" time="0.0031" asserts="0" success="True" result="Success" executed="True" />
                  <test-case description="Remove-JIMSyncRule exposes an optional ChangeReason parameter" name="ChangeReason on configuration write cmdlets.Remove-JIMSyncRule exposes an optional ChangeReason parameter" time="0.003" asserts="0" success="True" result="Success" executed="True" />
                  <test-case description="New-JIMConnectedSystem exposes an optional ChangeReason parameter" name="ChangeReason on configuration write cmdlets.New-JIMConnectedSystem exposes an optional ChangeReason parameter" time="0.0024" asserts="0" success="True" result="Success" executed="True" />
                  <test-case description="Set-JIMConnectedSystem exposes an optional ChangeReason parameter" name="ChangeReason on configuration write cmdlets.Set-JIMConnectedSystem exposes an optional ChangeReason parameter" time="0.0024" asserts="0" success="True" result="Success" executed="True" />
                  <test-case description="Remove-JIMConnectedSystem exposes an optional ChangeReason parameter" name="ChangeReason on configuration write cmdlets.Remove-JIMConnectedSystem exposes an optional ChangeReason parameter" time="0.0024" asserts="0" success="True" result="Success" executed="True" />
                  <test-case description="Set-JIMServiceSetting exposes an optional ChangeReason parameter" name="ChangeReason on configuration write cmdlets.Set-JIMServiceSetting exposes an optional ChangeReason parameter" time="0.003" asserts="0" success="True" result="Success" executed="True" />
                  <test-case description="Reset-JIMServiceSetting exposes an optional ChangeReason parameter" name="ChangeReason on configuration write cmdlets.Reset-JIMServiceSetting exposes an optional ChangeReason parameter" time="0.0024" asserts="0" success="True" result="Success" executed="True" />
                  <test-case description="New-JIMMetaverseObjectType exposes an optional ChangeReason parameter" name="ChangeReason on configuration write cmdlets.New-JIMMetaverseObjectType exposes an optional ChangeReason parameter" time="0.0026" asserts="0" success="True" result="Success" executed="True" />
                  <test-case description="Set-JIMMetaverseObjectType exposes an optional ChangeReason parameter" name="ChangeReason on configuration write cmdlets.Set-JIMMetaverseObjectType exposes an optional ChangeReason parameter" time="0.0026" asserts="0" success="True" result="Success" executed="True" />
                  <test-case description="New-JIMMetaverseAttribute exposes an optional ChangeReason parameter" name="ChangeReason on configuration write cmdlets.New-JIMMetaverseAttribute exposes an optional ChangeReason parameter" time="0.0026" asserts="0" success="True" result="Success" executed="True" />
                  <test-case description="Set-JIMMetaverseAttribute exposes an optional ChangeReason parameter" name="ChangeReason on configuration write cmdlets.Set-JIMMetaverseAttribute exposes an optional ChangeReason parameter" time="0.0024" asserts="0" success="True" result="Success" executed="True" />
                  <test-case description="Remove-JIMMetaverseAttribute exposes an optional ChangeReason parameter" name="ChangeReason on configuration write cmdlets.Remove-JIMMetaverseAttribute exposes an optional ChangeReason parameter" time="0.0022" asserts="0" success="True" result="Success" executed="True" />
                  <test-case description="Add-JIMCertificate exposes an optional ChangeReason parameter" name="ChangeReason on configuration write cmdlets.Add-JIMCertificate exposes an optional ChangeReason parameter" time="0.0026" asserts="0" success="True" result="Success" executed="True" />
                  <test-case description="Set-JIMCertificate exposes an optional ChangeReason parameter" name="ChangeReason on configuration write cmdlets.Set-JIMCertificate exposes an optional ChangeReason parameter" time="0.0024" asserts="0" success="True" result="Success" executed="True" />
                  <test-case description="Remove-JIMCertificate exposes an optional ChangeReason parameter" name="ChangeReason on configuration write cmdlets.Remove-JIMCertificate exposes an optional ChangeReason parameter" time="0.0022" asserts="0" success="True" result="Success" executed="True" />
                  <test-case description="New-JIMApiKey exposes an optional ChangeReason parameter" name="ChangeReason on configuration write cmdlets.New-JIMApiKey exposes an optional ChangeReason parameter" time="0.0023" asserts="0" success="True" result="Success" executed="True" />
                  <test-case description="Set-JIMApiKey exposes an optional ChangeReason parameter" name="ChangeReason on configuration write cmdlets.Set-JIMApiKey exposes an optional ChangeReason parameter" time="0.0023" asserts="0" success="True" result="Success" executed="True" />
                  <test-case description="Remove-JIMApiKey exposes an optional ChangeReason parameter" name="ChangeReason on configuration write cmdlets.Remove-JIMApiKey exposes an optional ChangeReason parameter" time="0.0024" asserts="0" success="True" result="Success" executed="True" />
[...]
                  <test-case description="Should have examples" name="Get-JIMVersion.Help Documentation.Should have examples" time="0.0011" asserts="0" success="True" result="Success" executed="True" />
                  <test-case description="Should document the Url parameter" name="Get-JIMVersion.Help Documentation.Should document the Url parameter" time="0.0013" asserts="0" success="True" result="Success" executed="True" />
                </results>
              </test-suite>
            </results>
          </test-suite>
          <test-suite type="TestFixture" name="Get-JIMAuthConfig" executed="True" result="Success" success="True" time="0.1372" asserts="0" description="Get-JIMAuthConfig">
            <results>
              <test-suite type="TestFixture" name="Get-JIMAuthConfig.Parameter Validation" executed="True" result="Success" success="True" time="0.035" asserts="0" description="Get-JIMAuthConfig.Parameter Validation">
                <results>
                  <test-case description="Should have an optional Url parameter" name="Get-JIMAuthConfig.Parameter Validation.Should have an optional Url parameter" time="0.0017" asserts="0" success="True" result="Success" executed="True" />
                  <test-case description="Url should not be mandatory" name="Get-JIMAuthConfig.Parameter Validation.Url should not be mandatory" time="0.002" asserts="0" success="True" result="Success" executed="True" />
                  <test-case description="Should not have mandatory parameters" name="Get-JIMAuthConfig.Parameter Validation.Should not have mandatory parameters" time="0.0287" asserts="0" success="True" result="Success" executed="True" />
                </results>
              </test-suite>
              <test-suite type="TestFixture" name="Get-JIMAuthConfig.Does Not Require Connection" executed="True" result="Success" success="True" time="0.0417" asserts="0" description="Get-JIMAuthConfig.Does Not Require Connection">
                <results>
                  <test-case description="Should not throw connection error when Url is provided" name="Get-JIMAuthConfig.Does Not Require Connection.Should not throw connection error when Url is provided" time="0.0043" asserts="0" success="True" result="Success" executed="True" />
                </results>
              </test-suite>
              <test-suite type="TestFixture" name="Get-JIMAuthConfig.Help Documentation" executed="True" result="Success" success="True" time="0.0527" asserts="0" description="Get-JIMAuthConfig.Help Documentation">
                <results>
                  <test-case description="Should have a synopsis" name="Get-JIMAuthConfig.Help Documentation.Should have a synopsis" time="0.0011" asserts="0" success="True" result="Success" executed="True" />
                  <test-case description="Should have examples" name="Get-JIMAuthConfig.Help Documentation.Should have examples" time="0.001" asserts="0" success="True" result="Success" executed="True" />
                  <test-case description="Should document the Url parameter" name="Get-JIMAuthConfig.Help Documentation.Should document the Url parameter" time="0.0012" asserts="0" success="True" result="Success" executed="True" />
                </results>
              </test-suite>
            </results>
          </test-suite>
          <test-suite type="TestFixture" name="Get-JIMUserInfo" executed="True" result="Success" success="True" time="0.1594" asserts="0" description="Get-JIMUserInfo">
            <results>
              <test-suite type="TestFixture" name="Get-JIMUserInfo.Parameter Validation" executed="True" result="Success" success="True" time="0.0058" asserts="0" description="Get-JIMUserInfo.Parameter Validation">
                <results>
                  <test-case description="Should not have mandatory parameters" name="Get-JIMUserInfo.Parameter Validation.Should not have mandatory parameters" time="0.0021" asserts="0" success="True" result="Success" executed="True" />
                  <test-case description="Should not have a Url parameter" name="Get-JIMUserInfo.Parameter Validation.Should not have a Url parameter" time="0.0012" asserts="0" success="True" result="Success" executed="True" />
                </results>
              </test-suite>
              <test-suite type="TestFixture" name="Get-JIMUserInfo.Requires Connection" executed="True" result="Success" success="True" time="0.0099" asserts="0" description="Get-JIMUserInfo.Requires Connection">
                <results>
                  <test-case description="Should throw when not connected" name="Get-JIMUserInfo.Requires Connection.Should throw when not connected" time="0.002" asserts="0" success="True" result="Success" executed="True" />
                </results>
              </test-suite>
              <test-suite type="TestFixture" name="Get-JIMUserInfo.Help Documentation" executed="True" result="Success" success="True" time="0.0199" asserts="0" description="Get-JIMUserInfo.Help Documentation">
                <results>
                  <test-case description="Should have a synopsis" name="Get-JIMUserInfo.Help Documentation.Should have a synopsis" time="0.0012" asserts="0" success="True" result="Success" executed="True" />
                  <test-case description="Should have examples" name="Get-JIMUserInfo.Help Documentation.Should have examples" time="0.0012" asserts="0" success="True" result="Success" executed="True" />
                </results>
              </test-suite>
            </results>
          </test-suite>
        </results>
      </test-suite>
      <test-suite type="TestFixture" name="/home/user/JIM/src/JIM.PowerShell/Tests/TokenStore.Tests.ps1" executed="True" result="Success" success="True" time="0.2238" asserts="0" description="/home/user/JIM/src/JIM.PowerShell/Tests/TokenStore.Tests.ps1">
        <results>
          <test-suite type="TestFixture" name="Get-JIMTokenCacheKey" executed="True" result="Success" success="True" time="0.0165" asserts="0" description="Get-JIMTokenCacheKey">
            <results>
              <test-case description="Normalises a trailing slash to the same key" name="Get-JIMTokenCacheKey.Normalises a trailing slash to the same key" time="0.0051" asserts="0" success="True" result="Success" executed="True" />
              <test-case description="Includes the explicit default port for https" name="Get-JIMTokenCacheKey.Includes the explicit default port for https" time="0.0015" asserts="0" success="True" result="Success" executed="True" />
              <test-case description="Preserves a non-default port" name="Get-JIMTokenCacheKey.Preserves a non-default port" time="0.0014" asserts="0" success="True" result="Success" executed="True" />
              <test-case description="Lower-cases the host and scheme" name="Get-JIMTokenCacheKey.Lower-cases the host and scheme" time="0.0016" asserts="0" success="True" result="Success" executed="True" />
              <test-case description="Produces different keys for different schemes" name="Get-JIMTokenCacheKey.Produces different keys for different schemes" time="0.0015" asserts="0" success="True" result="Success" executed="True" />
              <test-case description="Produces different keys for different ports" name="Get-JIMTokenCacheKey.Produces different keys for different ports" time="0.0016" asserts="0" success="True" result="Success" executed="True" />
              <test-case description="Produces different keys for different hosts" name="Get-JIMTokenCacheKey.Produces different keys for different hosts" time="0.0014" asserts="0" success="True" result="Success" executed="True" />
            </results>
          </test-suite>
          <test-suite type="TestFixture" name="Get-JIMTokenStoreProvider" executed="True" result="Success" success="True" time="0.0519" asserts="0" description="Get-JIMTokenStoreProvider">
            <results>
              <test-case description="Returns LibSecret on Linux when secret-tool is available" name="Get-JIMTokenStoreProvider.Returns LibSecret on Linux when secret-tool is available" time="0.0174" asserts="0" success="True" result="Success" executed="True" />
              <test-case description="Returns None on Linux when secret-tool is absent" name="Get-JIMTokenStoreProvider.Returns None on Linux when secret-tool is absent" time="0.0055" asserts="0" success="True" result="Success" executed="True" />
              <test-case description="Test-JIMTokenPersistenceAvailable is false when provider is None" name="Get-JIMTokenStoreProvider.Test-JIMTokenPersistenceAvailable is false when provider is None" time="0.0064" asserts="0" success="True" result="Success" executed="True" />
              <test-case description="Test-JIMTokenPersistenceAvailable is true when a provider exists" name="Get-JIMTokenStoreProvider.Test-JIMTokenPersistenceAvailable is true when a provider exists" time="0.0037" asserts="0" success="True" result="Success" executed="True" />
            </results>
          </test-suite>
          <test-suite type="TestFixture" name="Save-JIMToken" executed="True" result="Success" success="True" time="0.0973" asserts="0" description="Save-JIMToken">
            <results>
              <test-case description="Returns false and does not call the store when no provider is available" name="Save-JIMToken.Returns false and does not call the store when no provider is available" time="0.0092" asserts="0" success="True" result="Success" executed="True" />
              <test-case description="Stores via libsecret with the token piped on stdin (not on the command line)" name="Save-JIMToken.Stores via libsecret with the token piped on stdin (not on the command line)" time="0.0179" asserts="0" success="True" result="Success" executed="True" />
              <test-case description="Throws a clear error when libsecret fails" name="Save-JIMToken.Throws a clear error when libsecret fails" time="0.0081" asserts="0" success="True" result="Success" executed="True" />
              <test-case description="Passes the secret as an argument with -U on macOS" name="Save-JIMToken.Passes the secret as an argument with -U on macOS" time="0.0077" asserts="0" success="True" result="Success" executed="True" />
            </results>
          </test-suite>
          <test-suite type="TestFixture" name="Get-JIMPersistedToken" executed="True" result="Success" success="True" time="0.1611" asserts="0" description="Get-JIMPersistedToken">
            <results>
              <test-case description="Returns null when no provider is available" name="Get-JIMPersistedToken.Returns null when no provider is available" time="0.0057" asserts="0" success="True" result="Success" executed="True" />
              <test-case description="Returns the trimmed token from libsecret" name="Get-JIMPersistedToken.Returns the trimmed token from libsecret" time="0.0089" asserts="0" success="True" result="Success" executed="True" />
              <test-case description="Returns null when libsecret reports not found" name="Get-JIMPersistedToken.Returns null when libsecret reports not found" time="0.0382" asserts="0" success="True" result="Success" executed="True" />
              <test-case description="Looks up by the normalised cache key" name="Get-JIMPersistedToken.Looks up by the normalised cache key" time="0.0082" asserts="0" success="True" result="Success" executed="True" />
            </results>
          </test-suite>
          <test-suite type="TestFixture" name="Remove-JIMToken" executed="True" result="Success" success="True" time="0.1888" asserts="0" description="Remove-JIMToken">
            <results>
              <test-case description="Returns 0 when no provider is available" name="Remove-JIMToken.Returns 0 when no provider is available" time="0.0047" asserts="0" success="True" result="Success" executed="True" />
              <test-case description="Clears a single libsecret entry by url" name="Remove-JIMToken.Clears a single libsecret entry by url" time="0.0091" asserts="0" success="True" result="Success" executed="True" />
              <test-case description="Clears all libsecret entries by service only when -All is used" name="Remove-JIMToken.Clears all libsecret entries by service only when -All is used" time="0.0112" asserts="0" success="True" result="Success" executed="True" />
            </results>
          </test-suite>
        </results>
      </test-suite>
      <test-suite type="TestFixture" name="/home/user/JIM/src/JIM.PowerShell/Tests/WorkerTasks.Tests.ps1" executed="True" result="Success" success="True" time="0.1309" asserts="0" description="/home/user/JIM/src/JIM.PowerShell/Tests/WorkerTasks.Tests.ps1">
        <results>
          <test-suite type="TestFixture" name="Get-JIMWorkerTask" executed="True" result="Success" success="True" time="0.0352" asserts="0" description="Get-JIMWorkerTask">
            <results>
              <test-suite type="TestFixture" name="Get-JIMWorkerTask.Parameter Sets" executed="True" result="Success" success="True" time="0.005" asserts="0" description="Get-JIMWorkerTask.Parameter Sets">
                <results>
                  <test-case description="Should have a List parameter set as default" name="Get-JIMWorkerTask.Parameter Sets.Should have a List parameter set as default" time="0.0013" asserts="0" success="True" result="Success" executed="True" />
                  <test-case description="Should have a ById parameter set" name="Get-JIMWorkerTask.Parameter Sets.Should have a ById parameter set" time="0.0011" asserts="0" success="True" result="Success" executed="True" />
                </results>
              </test-suite>
              <test-suite type="TestFixture" name="Get-JIMWorkerTask.Parameter Validation" executed="True" result="Success" success="True" time="0.0132" asserts="0" description="Get-JIMWorkerTask.Parameter Validation">
                <results>
                  <test-case description="Should have Id as a guid parameter" name="Get-JIMWorkerTask.Parameter Validation.Should have Id as a guid parameter" time="0.0013" asserts="0" success="True" result="Success" executed="True" />
                  <test-case description="Should have Id parameter that accepts pipeline by property name" name="Get-JIMWorkerTask.Parameter Validation.Should have Id parameter that accepts pipeline by property name" time="0.0015" asserts="0" success="True" result="Success" executed="True" />
                  <test-case description="Should have Page parameter with ValidateRange" name="Get-JIMWorkerTask.Parameter Validation.Should have Page parameter with ValidateRange" time="0.0013" asserts="0" success="True" result="Success" executed="True" />
                  <test-case description="Should have PageSize parameter with ValidateRange" name="Get-JIMWorkerTask.Parameter Validation.Should have PageSize parameter with ValidateRange" time="0.0013" asserts="0" success="True" result="Success" executed="True" />
                </results>
              </test-suite>
              <test-suite type="TestFixture" name="Get-JIMWorkerTask.Requires Connection" executed="True" result="Success" success="True" time="0.02" asserts="0" description="Get-JIMWorkerTask.Requires Connection">
                <results>
                  <test-case description="Should throw when not connected" name="Get-JIMWorkerTask.Requires Connection.Should throw when not connected" time="0.0024" asserts="0" success="True" result="Success" executed="True" />
                  <test-case description="Should throw when not connected with Id" name="Get-JIMWorkerTask.Requires Connection.Should throw when not connected with Id" time="0.0021" asserts="0" success="True" result="Success" executed="True" />
                </results>
              </test-suite>
              <test-suite type="TestFixture" name="Get-JIMWorkerTask.Help Documentation" executed="True" result="Success" success="True" time="0.0329" asserts="0" description="Get-JIMWorkerTask.Help Documentation">
                <results>
                  <test-case description="Should have a synopsis" name="Get-JIMWorkerTask.Help Documentation.Should have a synopsis" time="0.0012" asserts="0" success="True" result="Success" executed="True" />
                  <test-case description="Should have examples" name="Get-JIMWorkerTask.Help Documentation.Should have examples" time="0.0011" asserts="0" success="True" result="Success" executed="True" />
                  <test-case description="Should have related links" name="Get-JIMWorkerTask.Help Documentation.Should have related links" time="0.0011" asserts="0" success="True" result="Success" executed="True" />
                </results>
              </test-suite>
            </results>
          </test-suite>
          <test-suite type="TestFixture" name="Stop-JIMWorkerTask" executed="True" result="Success" success="True" time="0.0633" asserts="0" description="Stop-JIMWorkerTask">
            <results>
              <test-suite type="TestFixture" name="Stop-JIMWorkerTask.Parameter Validation" executed="True" result="Success" success="True" time="0.0079" asserts="0" description="Stop-JIMWorkerTask.Parameter Validation">
                <results>
                  <test-case description="Should have a mandatory Id parameter" name="Stop-JIMWorkerTask.Parameter Validation.Should have a mandatory Id parameter" time="0.0014" asserts="0" success="True" result="Success" executed="True" />
                  <test-case description="Should have Id parameter that accepts pipeline by property name" name="Stop-JIMWorkerTask.Parameter Validation.Should have Id parameter that accepts pipeline by property name" time="0.0013" asserts="0" success="True" result="Success" executed="True" />
                  <test-case description="Should have a Force switch parameter" name="Stop-JIMWorkerTask.Parameter Validation.Should have a Force switch parameter" time="0.0012" asserts="0" success="True" result="Success" executed="True" />
                  <test-case description="Should support ShouldProcess" name="Stop-JIMWorkerTask.Parameter Validation.Should support ShouldProcess" time="0.0013" asserts="0" success="True" result="Success" executed="True" />
                </results>
              </test-suite>
              <test-suite type="TestFixture" name="Stop-JIMWorkerTask.Requires Connection" executed="True" result="Success" success="True" time="0.0133" asserts="0" description="Stop-JIMWorkerTask.Requires Connection">
                <results>
                  <test-case description="Should throw when not connected" name="Stop-JIMWorkerTask.Requires Connection.Should throw when not connected" time="0.003" asserts="0" success="True" result="Success" executed="True" />
                </results>
              </test-suite>
              <test-suite type="TestFixture" name="Stop-JIMWorkerTask.Help Documentation" executed="True" result="Success" success="True" time="0.0259" asserts="0" description="Stop-JIMWorkerTask.Help Documentation">
                <results>
                  <test-case description="Should have a synopsis" name="Stop-JIMWorkerTask.Help Documentation.Should have a synopsis" time="0.0012" asserts="0" success="True" result="Success" executed="True" />
                  <test-case description="Should have examples" name="Stop-JIMWorkerTask.Help Documentation.Should have examples" time="0.0011" asserts="0" success="True" result="Success" executed="True" />
                  <test-case description="Should have related links" name="Stop-JIMWorkerTask.Help Documentation.Should have related links" time="0.0011" asserts="0" success="True" result="Success" executed="True" />
                </results>
              </test-suite>
            </results>
          </test-suite>
        </results>
      </test-suite>
    </results>
  </test-suite>
</test-results>